# JRE version: Java(TM) SE Runtime Environment (8.0_91-b14) (build 1.8.0_91-b14)
# Java VM: Java HotSpot(TM) 64-Bit Server VM (25.91-b14 mixed mode windows-amd64 compressed oops)
Heap:
 PSYoungGen      total 99328K, used 72561K [0x000000076b780000, 0x0000000772300000, 0x00000007c0000000)
  eden space 88576K, 81% used [0x000000076b780000,0x000000076fe5c4d0,0x0000000770e00000)
  from space 10752K, 0% used [0x0000000771880000,0x0000000771880000,0x0000000772300000)
  to   space 10752K, 0% used [0x0000000770e00000,0x0000000770e00000,0x0000000771880000)
 ParOldGen       total 113152K, used 11945K [0x00000006c2600000, 0x00000006c9480000, 0x000000076b780000)
  object space 113152K, 10% used [0x00000006c2600000,0x00000006c31aa620,0x00000006c9480000)
 Metaspace       used 33449K, capacity 35654K, committed 35968K, reserved 1081344K
  class space    used 4488K, capacity 4869K, committed 4992K, reserved 1048576K
GC Heap History (10 events):
Event: 6.211 GC heap before
{Heap before GC invocations=5 (full 1):
 PSYoungGen      total 75776K, used 71918K [0x000000076b780000, 0x0000000772280000, 0x00000007c0000000)
  eden space 65024K, 100% used [0x000000076b780000,0x000000076f700000,0x000000076f700000)
  from space 10752K, 64% used [0x000000076f700000,0x000000076fdbb9a0,0x0000000770180000)
  to   space 10752K, 0% used [0x0000000771800000,0x0000000771800000,0x0000000772280000)
 ParOldGen       total 113152K, used 10160K [0x00000006c2600000, 0x00000006c9480000, 0x000000076b780000)
  object space 113152K, 8% used [0x00000006c2600000,0x00000006c2fec168,0x00000006c9480000)
 Metaspace       used 30040K, capacity 31768K, committed 32128K, reserved 1077248K
  class space    used 4023K, capacity 4357K, committed 4480K, reserved 1048576K
Event: 6.224 GC heap after
Heap after GC invocations=5 (full 1):
 PSYoungGen      total 98816K, used 9796K [0x000000076b780000, 0x0000000772300000, 0x00000007c0000000)
  eden space 88064K, 0% used [0x000000076b780000,0x000000076b780000,0x0000000770d80000)
  from space 10752K, 91% used [0x0000000771800000,0x0000000772191230,0x0000000772280000)
  to   space 10752K, 0% used [0x0000000770d80000,0x0000000770d80000,0x0000000771800000)
 ParOldGen       total 113152K, used 10232K [0x00000006c2600000, 0x00000006c9480000, 0x000000076b780000)
  object space 113152K, 9% used [0x00000006c2600000,0x00000006c2ffe178,0x00000006c9480000)
 Metaspace       used 30040K, capacity 31768K, committed 32128K, reserved 1077248K
  class space    used 4023K, capacity 4357K, committed 4480K, reserved 1048576K
}
Event: 834.487 GC heap before
{Heap before GC invocations=6 (full 1):
 PSYoungGen      total 98816K, used 65943K [0x000000076b780000, 0x0000000772300000, 0x00000007c0000000)
  eden space 88064K, 63% used [0x000000076b780000,0x000000076ee54b10,0x0000000770d80000)
  from space 10752K, 91% used [0x0000000771800000,0x0000000772191230,0x0000000772280000)
  to   space 10752K, 0% used [0x0000000770d80000,0x0000000770d80000,0x0000000771800000)
 ParOldGen       total 113152K, used 10232K [0x00000006c2600000, 0x00000006c9480000, 0x000000076b780000)
  object space 113152K, 9% used [0x00000006c2600000,0x00000006c2ffe178,0x00000006c9480000)
 Metaspace       used 32876K, capacity 34818K, committed 35072K, reserved 1079296K
  class space    used 4414K, capacity 4782K, committed 4864K, reserved 1048576K
Event: 834.504 GC heap after
Heap after GC invocations=6 (full 1):
 PSYoungGen      total 98816K, used 8485K [0x000000076b780000, 0x0000000772300000, 0x00000007c0000000)
  eden space 88064K, 0% used [0x000000076b780000,0x000000076b780000,0x0000000770d80000)
  from space 10752K, 78% used [0x0000000770d80000,0x00000007715c9540,0x0000000771800000)
  to   space 10752K, 0% used [0x0000000771880000,0x0000000771880000,0x0000000772300000)
 ParOldGen       total 113152K, used 10240K [0x00000006c2600000, 0x00000006c9480000, 0x000000076b780000)
  object space 113152K, 9% used [0x00000006c2600000,0x00000006c3000178,0x00000006c9480000)
 Metaspace       used 32876K, capacity 34818K, committed 35072K, reserved 1079296K
  class space    used 4414K, capacity 4782K, committed 4864K, reserved 1048576K
}
Event: 834.504 GC heap before
{Heap before GC invocations=7 (full 2):
 PSYoungGen      total 98816K, used 8485K [0x000000076b780000, 0x0000000772300000, 0x00000007c0000000)
  eden space 88064K, 0% used [0x000000076b780000,0x000000076b780000,0x0000000770d80000)
  from space 10752K, 78% used [0x0000000770d80000,0x00000007715c9540,0x0000000771800000)
  to   space 10752K, 0% used [0x0000000771880000,0x0000000771880000,0x0000000772300000)
 ParOldGen       total 113152K, used 10240K [0x00000006c2600000, 0x00000006c9480000, 0x000000076b780000)
  object space 113152K, 9% used [0x00000006c2600000,0x00000006c3000178,0x00000006c9480000)
 Metaspace       used 32876K, capacity 34818K, committed 35072K, reserved 1079296K
  class space    used 4414K, capacity 4782K, committed 4864K, reserved 1048576K
Event: 834.615 GC heap after
Heap after GC invocations=7 (full 2):
 PSYoungGen      total 98816K, used 0K [0x000000076b780000, 0x0000000772300000, 0x00000007c0000000)
  eden space 88064K, 0% used [0x000000076b780000,0x000000076b780000,0x0000000770d80000)
  from space 10752K, 0% used [0x0000000770d80000,0x0000000770d80000,0x0000000771800000)
  to   space 10752K, 0% used [0x0000000771880000,0x0000000771880000,0x0000000772300000)
 ParOldGen       total 113152K, used 12365K [0x00000006c2600000, 0x00000006c9480000, 0x000000076b780000)
  object space 113152K, 10% used [0x00000006c2600000,0x00000006c3213408,0x00000006c9480000)
 Metaspace       used 32876K, capacity 34818K, committed 35072K, reserved 1079296K
  class space    used 4414K, capacity 4782K, committed 4864K, reserved 1048576K
}
Event: 1022.547 GC heap before
{Heap before GC invocations=8 (full 2):
 PSYoungGen      total 98816K, used 72155K [0x000000076b780000, 0x0000000772300000, 0x00000007c0000000)
  eden space 88064K, 81% used [0x000000076b780000,0x000000076fdf6d90,0x0000000770d80000)
  from space 10752K, 0% used [0x0000000770d80000,0x0000000770d80000,0x0000000771800000)
  to   space 10752K, 0% used [0x0000000771880000,0x0000000771880000,0x0000000772300000)
 ParOldGen       total 113152K, used 12365K [0x00000006c2600000, 0x00000006c9480000, 0x000000076b780000)
  object space 113152K, 10% used [0x00000006c2600000,0x00000006c3213408,0x00000006c9480000)
 Metaspace       used 33342K, capacity 35516K, committed 35584K, reserved 1079296K
  class space    used 4478K, capacity 4855K, committed 4864K, reserved 1048576K
Event: 1022.557 GC heap after
Heap after GC invocations=8 (full 2):
 PSYoungGen      total 99328K, used 3337K [0x000000076b780000, 0x0000000772300000, 0x00000007c0000000)
  eden space 88576K, 0% used [0x000000076b780000,0x000000076b780000,0x0000000770e00000)
  from space 10752K, 31% used [0x0000000771880000,0x0000000771bc27b8,0x0000000772300000)
  to   space 10752K, 0% used [0x0000000770e00000,0x0000000770e00000,0x0000000771880000)
 ParOldGen       total 113152K, used 12373K [0x00000006c2600000, 0x00000006c9480000, 0x000000076b780000)
  object space 113152K, 10% used [0x00000006c2600000,0x00000006c3215408,0x00000006c9480000)
 Metaspace       used 33342K, capacity 35516K, committed 35584K, reserved 1079296K
  class space    used 4478K, capacity 4855K, committed 4864K, reserved 1048576K
}
Event: 1022.557 GC heap before
{Heap before GC invocations=9 (full 3):
 PSYoungGen      total 99328K, used 3337K [0x000000076b780000, 0x0000000772300000, 0x00000007c0000000)
  eden space 88576K, 0% used [0x000000076b780000,0x000000076b780000,0x0000000770e00000)
  from space 10752K, 31% used [0x0000000771880000,0x0000000771bc27b8,0x0000000772300000)
  to   space 10752K, 0% used [0x0000000770e00000,0x0000000770e00000,0x0000000771880000)
 ParOldGen       total 113152K, used 12373K [0x00000006c2600000, 0x00000006c9480000, 0x000000076b780000)
  object space 113152K, 10% used [0x00000006c2600000,0x00000006c3215408,0x00000006c9480000)
 Metaspace       used 33342K, capacity 35516K, committed 35584K, reserved 1079296K
  class space    used 4478K, capacity 4855K, committed 4864K, reserved 1048576K
Event: 1022.749 GC heap after
Heap after GC invocations=9 (full 3):
 PSYoungGen      total 99328K, used 0K [0x000000076b780000, 0x0000000772300000, 0x00000007c0000000)
  eden space 88576K, 0% used [0x000000076b780000,0x000000076b780000,0x0000000770e00000)
  from space 10752K, 0% used [0x0000000771880000,0x0000000771880000,0x0000000772300000)
  to   space 10752K, 0% used [0x0000000770e00000,0x0000000770e00000,0x0000000771880000)
 ParOldGen       total 113152K, used 11945K [0x00000006c2600000, 0x00000006c9480000, 0x000000076b780000)
  object space 113152K, 10% used [0x00000006c2600000,0x00000006c31aa620,0x00000006c9480000)
 Metaspace       used 33339K, capacity 35510K, committed 35584K, reserved 1079296K
  class space    used 4477K, capacity 4853K, committed 4864K, reserved 1048576K
}

